0 verbose cli /usr/local/bin/node /usr/local/bin/npm
1 info using npm@10.8.2
2 info using node@v20.19.0
3 silly config load:file:/usr/local/lib/node_modules/npm/npmrc
4 silly config load:file:/data/.npmrc
5 silly config load:file:/usr/src/node-red/.npmrc
6 silly config load:file:/usr/local/etc/npmrc
7 verbose title npm install node-red-contrib-bcrypt@0.1.6
8 verbose argv "install" "--no-audit" "--no-update-notifier" "--no-fund" "--save" "--save-prefix" "~" "--omit" "dev" "--engine-strict" "node-red-contrib-bcrypt@0.1.6"
9 verbose logfile logs-max:10 dir:/data/.npm/_logs/2025-07-06T18_19_15_758Z-
10 verbose logfile /data/.npm/_logs/2025-07-06T18_19_15_758Z-debug-0.log
11 silly packumentCache heap:2101084160 maxSize:525271040 maxEntrySize:262635520
12 silly logfile done cleaning log files
13 silly idealTree buildDeps
14 silly fetch manifest node-red-contrib-bcrypt@0.1.6
15 silly packumentCache full:https://registry.npmjs.org/node-red-contrib-bcrypt cache-miss
16 http fetch GET 200 https://registry.npmjs.org/node-red-contrib-bcrypt 1128ms (cache miss)
17 silly packumentCache full:https://registry.npmjs.org/node-red-contrib-bcrypt set size:undefined disposed:false
18 silly placeDep ROOT node-red-contrib-bcrypt@0.1.6 OK for: node-red-project@0.0.1 want: 0.1.6
19 silly fetch manifest bcryptjs@^2.4.3
20 silly packumentCache full:https://registry.npmjs.org/bcryptjs cache-miss
21 http fetch GET 200 https://registry.npmjs.org/bcryptjs 219ms (cache miss)
22 silly packumentCache full:https://registry.npmjs.org/bcryptjs set size:undefined disposed:false
23 silly placeDep ROOT bcryptjs@2.4.3 OK for: node-red-contrib-bcrypt@0.1.6 want: ^2.4.3
24 silly reify moves {}
25 silly tarball no local data for bcryptjs@https://registry.npmjs.org/bcryptjs/-/bcryptjs-2.4.3.tgz. Extracting by manifest.
26 silly tarball no local data for node-red-contrib-bcrypt@https://registry.npmjs.org/node-red-contrib-bcrypt/-/node-red-contrib-bcrypt-0.1.6.tgz. Extracting by manifest.
27 http fetch GET 200 https://registry.npmjs.org/bcryptjs/-/bcryptjs-2.4.3.tgz 580ms (cache miss)
28 http fetch GET 200 https://registry.npmjs.org/node-red-contrib-bcrypt/-/node-red-contrib-bcrypt-0.1.6.tgz 1457ms (cache miss)
29 silly ADD node_modules/bcryptjs
30 silly ADD node_modules/node-red-contrib-bcrypt
31 verbose cwd /data
32 verbose os Linux 6.6.87.2-microsoft-standard-WSL2
33 verbose node v20.19.0
34 verbose npm  v10.8.2
35 verbose exit 0
36 info ok
