0 verbose cli /usr/local/bin/node /usr/local/bin/npm
1 info using npm@10.8.2
2 info using node@v20.19.0
3 silly config load:file:/usr/local/lib/node_modules/npm/npmrc
4 silly config load:file:/data/.npmrc
5 silly config load:file:/usr/src/node-red/.npmrc
6 silly config load:file:/usr/local/etc/npmrc
7 verbose title npm install node-red-contrib-jsonwebtoken@1.0.4
8 verbose argv "install" "--no-audit" "--no-update-notifier" "--no-fund" "--save" "--save-prefix" "~" "--omit" "dev" "--engine-strict" "node-red-contrib-jsonwebtoken@1.0.4"
9 verbose logfile logs-max:10 dir:/data/.npm/_logs/2025-07-05T19_22_37_697Z-
10 verbose logfile /data/.npm/_logs/2025-07-05T19_22_37_697Z-debug-0.log
11 silly packumentCache heap:2101084160 maxSize:525271040 maxEntrySize:262635520
12 silly logfile done cleaning log files
13 silly idealTree buildDeps
14 silly fetch manifest node-red-contrib-jsonwebtoken@1.0.4
15 silly packumentCache full:https://registry.npmjs.org/node-red-contrib-jsonwebtoken cache-miss
16 http fetch GET 200 https://registry.npmjs.org/node-red-contrib-jsonwebtoken 1259ms (cache miss)
17 silly packumentCache full:https://registry.npmjs.org/node-red-contrib-jsonwebtoken set size:undefined disposed:false
18 silly placeDep ROOT node-red-contrib-jsonwebtoken@1.0.4 OK for: node-red-project@0.0.1 want: 1.0.4
19 silly fetch manifest jwks-rsa@^3.1.0
20 silly packumentCache full:https://registry.npmjs.org/jwks-rsa cache-miss
21 silly fetch manifest ajv@^8.17.1
22 silly packumentCache full:https://registry.npmjs.org/ajv cache-miss
23 silly fetch manifest ajv-errors@^3.0.0
24 silly packumentCache full:https://registry.npmjs.org/ajv-errors cache-miss
25 http fetch GET 200 https://registry.npmjs.org/jwks-rsa 621ms (cache miss)
26 silly packumentCache full:https://registry.npmjs.org/jwks-rsa set size:undefined disposed:false
27 silly fetch manifest ajv-formats@^3.0.1
28 silly packumentCache full:https://registry.npmjs.org/ajv-formats cache-miss
29 http fetch GET 200 https://registry.npmjs.org/ajv-errors 799ms (cache miss)
30 silly packumentCache full:https://registry.npmjs.org/ajv-errors set size:undefined disposed:false
31 http fetch GET 200 https://registry.npmjs.org/ajv-formats 217ms (cache miss)
32 silly packumentCache full:https://registry.npmjs.org/ajv-formats set size:undefined disposed:false
33 http fetch GET 200 https://registry.npmjs.org/ajv 898ms (cache miss)
34 silly packumentCache full:https://registry.npmjs.org/ajv set size:undefined disposed:false
35 silly placeDep ROOT ajv@8.17.1 OK for: node-red-contrib-jsonwebtoken@1.0.4 want: ^8.17.1
36 silly placeDep ROOT ajv-errors@3.0.0 OK for: node-red-contrib-jsonwebtoken@1.0.4 want: ^3.0.0
37 silly placeDep ROOT ajv-formats@3.0.1 OK for: node-red-contrib-jsonwebtoken@1.0.4 want: ^3.0.1
38 silly placeDep ROOT jwks-rsa@3.2.0 OK for: node-red-contrib-jsonwebtoken@1.0.4 want: ^3.1.0
39 silly fetch manifest fast-uri@^3.0.1
40 silly packumentCache full:https://registry.npmjs.org/fast-uri cache-miss
41 silly fetch manifest fast-deep-equal@^3.1.3
42 silly packumentCache full:https://registry.npmjs.org/fast-deep-equal cache-miss
43 silly fetch manifest require-from-string@^2.0.2
44 silly packumentCache full:https://registry.npmjs.org/require-from-string cache-miss
45 http fetch GET 200 https://registry.npmjs.org/require-from-string 142ms (cache miss)
46 silly packumentCache full:https://registry.npmjs.org/require-from-string set size:undefined disposed:false
47 silly fetch manifest json-schema-traverse@^1.0.0
48 silly packumentCache full:https://registry.npmjs.org/json-schema-traverse cache-miss
49 http fetch GET 200 https://registry.npmjs.org/fast-deep-equal 156ms (cache miss)
50 silly packumentCache full:https://registry.npmjs.org/fast-deep-equal set size:undefined disposed:false
51 silly fetch manifest jose@^4.15.4
52 silly packumentCache full:https://registry.npmjs.org/jose cache-miss
53 http fetch GET 200 https://registry.npmjs.org/fast-uri 174ms (cache miss)
54 silly packumentCache full:https://registry.npmjs.org/fast-uri set size:undefined disposed:false
55 silly fetch manifest debug@^4.3.4
56 silly packumentCache full:https://registry.npmjs.org/debug cache-miss
57 http fetch GET 200 https://registry.npmjs.org/json-schema-traverse 142ms (cache miss)
58 silly packumentCache full:https://registry.npmjs.org/json-schema-traverse set size:undefined disposed:false
59 silly fetch manifest limiter@^1.1.5
60 silly packumentCache full:https://registry.npmjs.org/limiter cache-miss
61 http fetch GET 200 https://registry.npmjs.org/debug 154ms (cache miss)
62 silly packumentCache full:https://registry.npmjs.org/debug set size:undefined disposed:false
63 silly fetch manifest lru-memoizer@^2.2.0
64 silly packumentCache full:https://registry.npmjs.org/lru-memoizer cache-miss
65 http fetch GET 200 https://registry.npmjs.org/limiter 915ms (cache miss)
66 silly packumentCache full:https://registry.npmjs.org/limiter set size:undefined disposed:false
67 silly fetch manifest @types/express@^4.17.20
68 silly packumentCache full:https://registry.npmjs.org/@types%2fexpress cache-miss
69 http fetch GET 200 https://registry.npmjs.org/lru-memoizer 897ms (cache miss)
70 silly packumentCache full:https://registry.npmjs.org/lru-memoizer set size:undefined disposed:false
71 silly fetch manifest @types/jsonwebtoken@^9.0.4
72 silly packumentCache full:https://registry.npmjs.org/@types%2fjsonwebtoken cache-miss
73 http fetch GET 200 https://registry.npmjs.org/jose 1240ms (cache miss)
74 silly packumentCache full:https://registry.npmjs.org/jose set size:undefined disposed:false
75 http fetch GET 200 https://registry.npmjs.org/@types%2fexpress 294ms (cache miss)
76 silly packumentCache full:https://registry.npmjs.org/@types%2fexpress set size:undefined disposed:false
77 http fetch GET 200 https://registry.npmjs.org/@types%2fjsonwebtoken 322ms (cache miss)
78 silly packumentCache full:https://registry.npmjs.org/@types%2fjsonwebtoken set size:undefined disposed:false
79 silly placeDep ROOT fast-deep-equal@3.1.3 OK for: ajv@8.17.1 want: ^3.1.3
80 silly placeDep ROOT fast-uri@3.0.6 OK for: ajv@8.17.1 want: ^3.0.1
81 silly placeDep ROOT json-schema-traverse@1.0.0 OK for: ajv@8.17.1 want: ^1.0.0
82 silly placeDep ROOT require-from-string@2.0.2 OK for: ajv@8.17.1 want: ^2.0.2
83 silly placeDep ROOT @types/express@4.17.23 OK for: jwks-rsa@3.2.0 want: ^4.17.20
84 silly placeDep ROOT @types/jsonwebtoken@9.0.10 OK for: jwks-rsa@3.2.0 want: ^9.0.4
85 silly placeDep ROOT debug@4.4.1 OK for: jwks-rsa@3.2.0 want: ^4.3.4
86 silly placeDep ROOT jose@4.15.9 OK for: jwks-rsa@3.2.0 want: ^4.15.4
87 silly placeDep ROOT limiter@1.1.5 OK for: jwks-rsa@3.2.0 want: ^1.1.5
88 silly placeDep ROOT lru-memoizer@2.3.0 OK for: jwks-rsa@3.2.0 want: ^2.2.0
89 silly fetch manifest @types/qs@*
90 silly packumentCache full:https://registry.npmjs.org/@types%2fqs cache-miss
91 silly fetch manifest @types/body-parser@*
92 silly packumentCache full:https://registry.npmjs.org/@types%2fbody-parser cache-miss
93 silly fetch manifest @types/serve-static@*
94 silly packumentCache full:https://registry.npmjs.org/@types%2fserve-static cache-miss
95 http fetch GET 200 https://registry.npmjs.org/@types%2fqs 148ms (cache miss)
96 silly packumentCache full:https://registry.npmjs.org/@types%2fqs set size:undefined disposed:false
97 silly fetch manifest @types/express-serve-static-core@^4.17.33
98 silly packumentCache full:https://registry.npmjs.org/@types%2fexpress-serve-static-core cache-miss
99 http fetch GET 200 https://registry.npmjs.org/@types%2fbody-parser 162ms (cache miss)
100 silly packumentCache full:https://registry.npmjs.org/@types%2fbody-parser set size:undefined disposed:false
101 silly fetch manifest @types/ms@*
102 silly packumentCache full:https://registry.npmjs.org/@types%2fms cache-miss
103 http fetch GET 200 https://registry.npmjs.org/@types%2fserve-static 166ms (cache miss)
104 silly packumentCache full:https://registry.npmjs.org/@types%2fserve-static set size:undefined disposed:false
105 silly fetch manifest @types/node@*
106 silly packumentCache full:https://registry.npmjs.org/@types%2fnode cache-miss
107 http fetch GET 200 https://registry.npmjs.org/@types%2fexpress-serve-static-core 187ms (cache miss)
108 silly packumentCache full:https://registry.npmjs.org/@types%2fexpress-serve-static-core set size:undefined disposed:false
109 silly fetch manifest lru-cache@6.0.0
110 silly packumentCache full:https://registry.npmjs.org/lru-cache cache-miss
111 http fetch GET 200 https://registry.npmjs.org/@types%2fms 213ms (cache miss)
112 silly packumentCache full:https://registry.npmjs.org/@types%2fms set size:undefined disposed:false
113 silly fetch manifest lodash.clonedeep@^4.5.0
114 silly packumentCache full:https://registry.npmjs.org/lodash.clonedeep cache-miss
115 http fetch GET 200 https://registry.npmjs.org/lodash.clonedeep 330ms (cache miss)
116 silly packumentCache full:https://registry.npmjs.org/lodash.clonedeep set size:undefined disposed:false
117 http fetch GET 200 https://registry.npmjs.org/lru-cache 369ms (cache miss)
118 silly packumentCache full:https://registry.npmjs.org/lru-cache set size:undefined disposed:false
119 http fetch GET 200 https://registry.npmjs.org/@types%2fnode 1074ms (cache miss)
120 silly packumentCache full:https://registry.npmjs.org/@types%2fnode set size:undefined disposed:false
121 silly placeDep ROOT @types/body-parser@1.19.6 OK for: @types/express@4.17.23 want: *
122 silly placeDep ROOT @types/express-serve-static-core@4.19.6 OK for: @types/express@4.17.23 want: ^4.17.33
123 silly placeDep ROOT @types/qs@6.14.0 OK for: @types/express@4.17.23 want: *
124 silly placeDep ROOT @types/serve-static@1.15.8 OK for: @types/express@4.17.23 want: *
125 silly fetch manifest @types/connect@*
126 silly packumentCache full:https://registry.npmjs.org/@types%2fconnect cache-miss
127 silly fetch manifest @types/send@*
128 silly packumentCache full:https://registry.npmjs.org/@types%2fsend cache-miss
129 silly fetch manifest @types/range-parser@*
130 silly packumentCache full:https://registry.npmjs.org/@types%2frange-parser cache-miss
131 http fetch GET 200 https://registry.npmjs.org/@types%2fconnect 175ms (cache miss)
132 silly packumentCache full:https://registry.npmjs.org/@types%2fconnect set size:undefined disposed:false
133 silly fetch manifest @types/send@*
134 silly packumentCache full:https://registry.npmjs.org/@types%2fsend cache-miss
135 http fetch GET 200 https://registry.npmjs.org/@types%2frange-parser 182ms (cache miss)
136 silly packumentCache full:https://registry.npmjs.org/@types%2frange-parser set size:undefined disposed:false
137 silly fetch manifest @types/http-errors@*
138 silly packumentCache full:https://registry.npmjs.org/@types%2fhttp-errors cache-miss
139 http fetch GET 200 https://registry.npmjs.org/@types%2fhttp-errors 182ms (cache miss)
140 silly packumentCache full:https://registry.npmjs.org/@types%2fhttp-errors set size:undefined disposed:false
141 http fetch GET 200 https://registry.npmjs.org/@types%2fsend 1008ms (cache miss)
142 silly packumentCache full:https://registry.npmjs.org/@types%2fsend set size:undefined disposed:false
143 http fetch GET 200 https://registry.npmjs.org/@types%2fsend 1212ms (cache miss)
144 silly packumentCache full:https://registry.npmjs.org/@types%2fsend set size:undefined disposed:false
145 silly placeDep ROOT @types/connect@3.4.38 OK for: @types/body-parser@1.19.6 want: *
146 silly placeDep ROOT @types/node@24.0.10 OK for: @types/body-parser@1.19.6 want: *
147 silly fetch manifest undici-types@~7.8.0
148 silly packumentCache full:https://registry.npmjs.org/undici-types cache-miss
149 http fetch GET 200 https://registry.npmjs.org/undici-types 662ms (cache miss)
150 silly packumentCache full:https://registry.npmjs.org/undici-types set size:undefined disposed:false
151 silly placeDep ROOT @types/range-parser@1.2.7 OK for: @types/express-serve-static-core@4.19.6 want: *
152 silly placeDep ROOT @types/send@0.17.5 OK for: @types/express-serve-static-core@4.19.6 want: *
153 silly fetch manifest @types/mime@^1
154 silly packumentCache full:https://registry.npmjs.org/@types%2fmime cache-miss
155 http fetch GET 200 https://registry.npmjs.org/@types%2fmime 684ms (cache miss)
156 silly packumentCache full:https://registry.npmjs.org/@types%2fmime set size:undefined disposed:false
157 silly placeDep ROOT @types/ms@2.1.0 OK for: @types/jsonwebtoken@9.0.10 want: *
158 silly placeDep ROOT undici-types@7.8.0 OK for: @types/node@24.0.10 want: ~7.8.0
159 silly placeDep ROOT @types/mime@1.3.5 OK for: @types/send@0.17.5 want: ^1
160 silly placeDep ROOT @types/http-errors@2.0.5 OK for: @types/serve-static@1.15.8 want: *
161 silly placeDep ROOT lodash.clonedeep@4.5.0 OK for: lru-memoizer@2.3.0 want: ^4.5.0
162 silly placeDep ROOT lru-cache@6.0.0 OK for: lru-memoizer@2.3.0 want: 6.0.0
163 silly fetch manifest yallist@^4.0.0
164 silly packumentCache full:https://registry.npmjs.org/yallist cache-miss
165 http fetch GET 200 https://registry.npmjs.org/yallist 163ms (cache miss)
166 silly packumentCache full:https://registry.npmjs.org/yallist set size:undefined disposed:false
167 silly placeDep ROOT yallist@4.0.0 OK for: lru-cache@6.0.0 want: ^4.0.0
168 silly reify moves {}
169 silly tarball no local data for lru-cache@https://registry.npmjs.org/lru-cache/-/lru-cache-6.0.0.tgz. Extracting by manifest.
170 silly tarball no local data for yallist@https://registry.npmjs.org/yallist/-/yallist-4.0.0.tgz. Extracting by manifest.
171 silly tarball no local data for undici-types@https://registry.npmjs.org/undici-types/-/undici-types-7.8.0.tgz. Extracting by manifest.
172 silly tarball no local data for lodash.clonedeep@https://registry.npmjs.org/lodash.clonedeep/-/lodash.clonedeep-4.5.0.tgz. Extracting by manifest.
173 silly tarball no local data for @types/http-errors@https://registry.npmjs.org/@types/http-errors/-/http-errors-2.0.5.tgz. Extracting by manifest.
174 silly tarball no local data for @types/ms@https://registry.npmjs.org/@types/ms/-/ms-2.1.0.tgz. Extracting by manifest.
175 silly tarball no local data for @types/send@https://registry.npmjs.org/@types/send/-/send-0.17.5.tgz. Extracting by manifest.
176 silly tarball no local data for @types/mime@https://registry.npmjs.org/@types/mime/-/mime-1.3.5.tgz. Extracting by manifest.
177 silly tarball no local data for @types/express-serve-static-core@https://registry.npmjs.org/@types/express-serve-static-core/-/express-serve-static-core-4.19.6.tgz. Extracting by manifest.
178 silly tarball no local data for @types/connect@https://registry.npmjs.org/@types/connect/-/connect-3.4.38.tgz. Extracting by manifest.
179 silly tarball no local data for @types/qs@https://registry.npmjs.org/@types/qs/-/qs-6.14.0.tgz. Extracting by manifest.
180 silly tarball no local data for @types/range-parser@https://registry.npmjs.org/@types/range-parser/-/range-parser-1.2.7.tgz. Extracting by manifest.
181 silly tarball no local data for @types/node@https://registry.npmjs.org/@types/node/-/node-24.0.10.tgz. Extracting by manifest.
182 silly tarball no local data for lru-memoizer@https://registry.npmjs.org/lru-memoizer/-/lru-memoizer-2.3.0.tgz. Extracting by manifest.
183 silly tarball no local data for @types/serve-static@https://registry.npmjs.org/@types/serve-static/-/serve-static-1.15.8.tgz. Extracting by manifest.
184 silly tarball no local data for limiter@https://registry.npmjs.org/limiter/-/limiter-1.1.5.tgz. Extracting by manifest.
185 silly tarball no local data for jose@https://registry.npmjs.org/jose/-/jose-4.15.9.tgz. Extracting by manifest.
186 silly tarball no local data for debug@https://registry.npmjs.org/debug/-/debug-4.4.1.tgz. Extracting by manifest.
187 silly tarball no local data for @types/body-parser@https://registry.npmjs.org/@types/body-parser/-/body-parser-1.19.6.tgz. Extracting by manifest.
188 silly tarball no local data for json-schema-traverse@https://registry.npmjs.org/json-schema-traverse/-/json-schema-traverse-1.0.0.tgz. Extracting by manifest.
189 silly tarball no local data for @types/jsonwebtoken@https://registry.npmjs.org/@types/jsonwebtoken/-/jsonwebtoken-9.0.10.tgz. Extracting by manifest.
190 silly tarball no local data for @types/express@https://registry.npmjs.org/@types/express/-/express-4.17.23.tgz. Extracting by manifest.
191 silly tarball no local data for require-from-string@https://registry.npmjs.org/require-from-string/-/require-from-string-2.0.2.tgz. Extracting by manifest.
192 silly tarball no local data for ajv-formats@https://registry.npmjs.org/ajv-formats/-/ajv-formats-3.0.1.tgz. Extracting by manifest.
193 silly tarball no local data for fast-deep-equal@https://registry.npmjs.org/fast-deep-equal/-/fast-deep-equal-3.1.3.tgz. Extracting by manifest.
194 silly tarball no local data for fast-uri@https://registry.npmjs.org/fast-uri/-/fast-uri-3.0.6.tgz. Extracting by manifest.
195 silly tarball no local data for ajv-errors@https://registry.npmjs.org/ajv-errors/-/ajv-errors-3.0.0.tgz. Extracting by manifest.
196 silly tarball no local data for ajv@https://registry.npmjs.org/ajv/-/ajv-8.17.1.tgz. Extracting by manifest.
197 silly tarball no local data for jwks-rsa@https://registry.npmjs.org/jwks-rsa/-/jwks-rsa-3.2.0.tgz. Extracting by manifest.
198 silly tarball no local data for node-red-contrib-jsonwebtoken@https://registry.npmjs.org/node-red-contrib-jsonwebtoken/-/node-red-contrib-jsonwebtoken-1.0.4.tgz. Extracting by manifest.
199 http fetch GET 200 https://registry.npmjs.org/yallist/-/yallist-4.0.0.tgz 3188ms (cache miss)
200 http fetch GET 200 https://registry.npmjs.org/lru-cache/-/lru-cache-6.0.0.tgz 3204ms (cache miss)
201 http fetch GET 200 https://registry.npmjs.org/limiter/-/limiter-1.1.5.tgz 3221ms (cache miss)
202 http fetch GET 200 https://registry.npmjs.org/@types/body-parser/-/body-parser-1.19.6.tgz 3241ms (cache miss)
203 http fetch GET 200 https://registry.npmjs.org/json-schema-traverse/-/json-schema-traverse-1.0.0.tgz 3484ms (cache miss)
204 http fetch GET 200 https://registry.npmjs.org/debug/-/debug-4.4.1.tgz 3522ms (cache miss)
205 http fetch GET 200 https://registry.npmjs.org/@types/ms/-/ms-2.1.0.tgz 3767ms (cache miss)
206 http fetch GET 200 https://registry.npmjs.org/jwks-rsa/-/jwks-rsa-3.2.0.tgz 3746ms (cache miss)
207 http fetch GET 200 https://registry.npmjs.org/@types/jsonwebtoken/-/jsonwebtoken-9.0.10.tgz 3819ms (cache miss)
208 http fetch GET 200 https://registry.npmjs.org/require-from-string/-/require-from-string-2.0.2.tgz 3876ms (cache miss)
209 http fetch GET 200 https://registry.npmjs.org/@types/mime/-/mime-1.3.5.tgz 3984ms (cache miss)
210 http fetch GET 200 https://registry.npmjs.org/@types/http-errors/-/http-errors-2.0.5.tgz 4040ms (cache miss)
211 http fetch GET 200 https://registry.npmjs.org/@types/qs/-/qs-6.14.0.tgz 4116ms (cache miss)
212 http fetch GET 200 https://registry.npmjs.org/@types/serve-static/-/serve-static-1.15.8.tgz 4114ms (cache miss)
213 http fetch GET 200 https://registry.npmjs.org/@types/connect/-/connect-3.4.38.tgz 4159ms (cache miss)
214 http fetch GET 200 https://registry.npmjs.org/@types/send/-/send-0.17.5.tgz 4213ms (cache miss)
215 http fetch GET 200 https://registry.npmjs.org/@types/express/-/express-4.17.23.tgz 4180ms (cache miss)
216 http fetch GET 200 https://registry.npmjs.org/@types/range-parser/-/range-parser-1.2.7.tgz 4283ms (cache miss)
217 http fetch GET 200 https://registry.npmjs.org/fast-deep-equal/-/fast-deep-equal-3.1.3.tgz 4256ms (cache miss)
218 http fetch GET 200 https://registry.npmjs.org/lodash.clonedeep/-/lodash.clonedeep-4.5.0.tgz 4587ms (cache miss)
219 http fetch GET 200 https://registry.npmjs.org/@types/express-serve-static-core/-/express-serve-static-core-4.19.6.tgz 4560ms (cache miss)
220 http fetch GET 200 https://registry.npmjs.org/node-red-contrib-jsonwebtoken/-/node-red-contrib-jsonwebtoken-1.0.4.tgz 4722ms (cache miss)
221 http fetch GET 200 https://registry.npmjs.org/ajv-errors/-/ajv-errors-3.0.0.tgz 4818ms (cache miss)
222 http fetch GET 200 https://registry.npmjs.org/ajv-formats/-/ajv-formats-3.0.1.tgz 4940ms (cache miss)
223 http fetch GET 200 https://registry.npmjs.org/undici-types/-/undici-types-7.8.0.tgz 5355ms (cache miss)
224 http fetch GET 200 https://registry.npmjs.org/lru-memoizer/-/lru-memoizer-2.3.0.tgz 5322ms (cache miss)
225 http fetch GET 200 https://registry.npmjs.org/fast-uri/-/fast-uri-3.0.6.tgz 5445ms (cache miss)
226 http fetch GET 200 https://registry.npmjs.org/@types/node/-/node-24.0.10.tgz 7475ms (cache miss)
227 http fetch GET 200 https://registry.npmjs.org/jose/-/jose-4.15.9.tgz 12353ms (cache miss)
228 http fetch GET 200 https://registry.npmjs.org/ajv/-/ajv-8.17.1.tgz 12593ms (cache miss)
229 silly ADD node_modules/yallist
230 silly ADD node_modules/lru-cache
231 silly ADD node_modules/lodash.clonedeep
232 silly ADD node_modules/@types/http-errors
233 silly ADD node_modules/@types/mime
234 silly ADD node_modules/undici-types
235 silly ADD node_modules/@types/ms
236 silly ADD node_modules/@types/send
237 silly ADD node_modules/@types/range-parser
238 silly ADD node_modules/@types/node
239 silly ADD node_modules/@types/connect
240 silly ADD node_modules/@types/serve-static
241 silly ADD node_modules/@types/qs
242 silly ADD node_modules/@types/express-serve-static-core
243 silly ADD node_modules/@types/body-parser
244 silly ADD node_modules/lru-memoizer
245 silly ADD node_modules/limiter
246 silly ADD node_modules/jose
247 silly ADD node_modules/debug
248 silly ADD node_modules/@types/jsonwebtoken
249 silly ADD node_modules/@types/express
250 silly ADD node_modules/require-from-string
251 silly ADD node_modules/json-schema-traverse
252 silly ADD node_modules/fast-uri
253 silly ADD node_modules/fast-deep-equal
254 silly ADD node_modules/jwks-rsa
255 silly ADD node_modules/ajv-formats
256 silly ADD node_modules/ajv-errors
257 silly ADD node_modules/ajv
258 silly ADD node_modules/node-red-contrib-jsonwebtoken
259 verbose cwd /data
260 verbose os Linux 6.6.87.2-microsoft-standard-WSL2
261 verbose node v20.19.0
262 verbose npm  v10.8.2
263 verbose exit 0
264 info ok
